2024-04-09 12:20:46.932 [main] INFO  stepDefinitions.BaseDefine - Bearer token is generated
2024-04-09 12:20:47.629 [main] INFO  stepDefinitions.BaseDefine - GET request performed
2024-04-09 12:20:47.631 [main] INFO  stepDefinitions.BaseDefine - Response Body received:
2024-04-09 12:20:47.631 [main] INFO  stepDefinitions.BaseDefine - data: [{"is_deleted":"0","costCenter":[],"name":"Test","description":"Nitso Integration is client whose domain is integrations","customer_id":"12"},{"is_deleted":"0","costCenter":[],"name":"Nitso Inegrations","description":"Nitso Integration is client whose domain is integrations","customer_id":"11"},{"is_deleted":"0","costCenter":[],"name":"1st Constitution Bancorp(FCCY)","description":"1st Constitution Bancorp(FCCY) Description","customer_id":"10"},{"is_deleted":"0","costCenter":[],"name":"1st Colonial Bancorp Inc(FCOB)","description":"1st Colonial Bancorp Inc(FCOB) Description","customer_id":"9"},{"is_deleted":"0","costCenter":[],"name":"1st Century Bancshares Inc(FCTY)","description":"1st Century Bancshares Inc(FCTY) Description","customer_id":"8"},{"is_deleted":"0","costCenter":[],"name":"1st Capital Bank(FISB)","description":"1st Capital Bank(FISB) Description","customer_id":"7"},{"is_deleted":"0","costCenter":[],"name":"1mage Software Inc(ISOL)","description":"1mage Software Inc(ISOL) Description","customer_id":"6"},{"is_deleted":"0","costCenter":[],"name":"1867 Western Financial Corp(WFCL)","description":"1867 Western Financial Corp(WFCL) Description","customer_id":"5"},{"is_deleted":"0","costCenter":[],"name":"1847 Holdings LLC(0955837D)","description":"1847 Holdings LLC(0955837D) Description","customer_id":"4"},{"is_deleted":"0","costCenter":[],"name":"141 Capital Inc(ONCP)","description":"141 Capital Inc(ONCP) Description","customer_id":"3"},{"is_deleted":"0","costCenter":[],"name":"1 800 Flowers.com Inc(FLWS)","description":"1 800 Flowers.com Inc(FLWS) Description","customer_id":"2"},{"is_deleted":"0","costCenter":[],"name":"01 Communique Laboratory Inc(OCQLF)","description":"01 Communique Laboratory Inc(OCQLF) Description","customer_id":"1"}]
2024-04-09 12:20:47.634 [main] INFO  stepDefinitions.BaseDefine - meta: {"total":12}
2024-04-09 12:20:47.636 [main] INFO  stepDefinitions.BaseDefine - Response status code is 200
2024-04-09 12:20:47.637 [main] INFO  stepDefinitions.BaseDefine - Customer ID: 12
2024-04-09 12:20:47.637 [main] INFO  stepDefinitions.BaseDefine - Name: Test
2024-04-09 12:20:47.637 [main] INFO  stepDefinitions.BaseDefine - Description: Nitso Integration is client whose domain is integrations
2024-04-09 12:20:47.638 [main] INFO  stepDefinitions.BaseDefine - Is Deleted: 0
2024-04-09 12:20:47.638 [main] INFO  stepDefinitions.BaseDefine - Cost Center: []
2024-04-09 12:20:47.638 [main] INFO  stepDefinitions.BaseDefine - Customer ID: 11
2024-04-09 12:20:47.638 [main] INFO  stepDefinitions.BaseDefine - Name: Nitso Inegrations
2024-04-09 12:20:47.638 [main] INFO  stepDefinitions.BaseDefine - Description: Nitso Integration is client whose domain is integrations
2024-04-09 12:20:47.638 [main] INFO  stepDefinitions.BaseDefine - Is Deleted: 0
2024-04-09 12:20:47.638 [main] INFO  stepDefinitions.BaseDefine - Cost Center: []
2024-04-09 12:20:47.638 [main] INFO  stepDefinitions.BaseDefine - Customer ID: 10
2024-04-09 12:20:47.638 [main] INFO  stepDefinitions.BaseDefine - Name: 1st Constitution Bancorp(FCCY)
2024-04-09 12:20:47.638 [main] INFO  stepDefinitions.BaseDefine - Description: 1st Constitution Bancorp(FCCY) Description
2024-04-09 12:20:47.638 [main] INFO  stepDefinitions.BaseDefine - Is Deleted: 0
2024-04-09 12:20:47.638 [main] INFO  stepDefinitions.BaseDefine - Cost Center: []
2024-04-09 12:20:47.638 [main] INFO  stepDefinitions.BaseDefine - Customer ID: 9
2024-04-09 12:20:47.638 [main] INFO  stepDefinitions.BaseDefine - Name: 1st Colonial Bancorp Inc(FCOB)
2024-04-09 12:20:47.638 [main] INFO  stepDefinitions.BaseDefine - Description: 1st Colonial Bancorp Inc(FCOB) Description
2024-04-09 12:20:47.638 [main] INFO  stepDefinitions.BaseDefine - Is Deleted: 0
2024-04-09 12:20:47.638 [main] INFO  stepDefinitions.BaseDefine - Cost Center: []
2024-04-09 12:20:47.638 [main] INFO  stepDefinitions.BaseDefine - Customer ID: 8
2024-04-09 12:20:47.638 [main] INFO  stepDefinitions.BaseDefine - Name: 1st Century Bancshares Inc(FCTY)
2024-04-09 12:20:47.638 [main] INFO  stepDefinitions.BaseDefine - Description: 1st Century Bancshares Inc(FCTY) Description
2024-04-09 12:20:47.639 [main] INFO  stepDefinitions.BaseDefine - Is Deleted: 0
2024-04-09 12:20:47.639 [main] INFO  stepDefinitions.BaseDefine - Cost Center: []
2024-04-09 12:20:47.639 [main] INFO  stepDefinitions.BaseDefine - Customer ID: 7
2024-04-09 12:20:47.639 [main] INFO  stepDefinitions.BaseDefine - Name: 1st Capital Bank(FISB)
2024-04-09 12:20:47.639 [main] INFO  stepDefinitions.BaseDefine - Description: 1st Capital Bank(FISB) Description
2024-04-09 12:20:47.639 [main] INFO  stepDefinitions.BaseDefine - Is Deleted: 0
2024-04-09 12:20:47.639 [main] INFO  stepDefinitions.BaseDefine - Cost Center: []
2024-04-09 12:20:47.639 [main] INFO  stepDefinitions.BaseDefine - Customer ID: 6
2024-04-09 12:20:47.639 [main] INFO  stepDefinitions.BaseDefine - Name: 1mage Software Inc(ISOL)
2024-04-09 12:20:47.639 [main] INFO  stepDefinitions.BaseDefine - Description: 1mage Software Inc(ISOL) Description
2024-04-09 12:20:47.639 [main] INFO  stepDefinitions.BaseDefine - Is Deleted: 0
2024-04-09 12:20:47.639 [main] INFO  stepDefinitions.BaseDefine - Cost Center: []
2024-04-09 12:20:47.639 [main] INFO  stepDefinitions.BaseDefine - Customer ID: 5
2024-04-09 12:20:47.639 [main] INFO  stepDefinitions.BaseDefine - Name: 1867 Western Financial Corp(WFCL)
2024-04-09 12:20:47.639 [main] INFO  stepDefinitions.BaseDefine - Description: 1867 Western Financial Corp(WFCL) Description
2024-04-09 12:20:47.639 [main] INFO  stepDefinitions.BaseDefine - Is Deleted: 0
2024-04-09 12:20:47.639 [main] INFO  stepDefinitions.BaseDefine - Cost Center: []
2024-04-09 12:20:47.639 [main] INFO  stepDefinitions.BaseDefine - Customer ID: 4
2024-04-09 12:20:47.639 [main] INFO  stepDefinitions.BaseDefine - Name: 1847 Holdings LLC(0955837D)
2024-04-09 12:20:47.639 [main] INFO  stepDefinitions.BaseDefine - Description: 1847 Holdings LLC(0955837D) Description
2024-04-09 12:20:47.640 [main] INFO  stepDefinitions.BaseDefine - Is Deleted: 0
2024-04-09 12:20:47.640 [main] INFO  stepDefinitions.BaseDefine - Cost Center: []
2024-04-09 12:20:47.640 [main] INFO  stepDefinitions.BaseDefine - Customer ID: 3
2024-04-09 12:20:47.640 [main] INFO  stepDefinitions.BaseDefine - Name: 141 Capital Inc(ONCP)
2024-04-09 12:20:47.640 [main] INFO  stepDefinitions.BaseDefine - Description: 141 Capital Inc(ONCP) Description
2024-04-09 12:20:47.640 [main] INFO  stepDefinitions.BaseDefine - Is Deleted: 0
2024-04-09 12:20:47.640 [main] INFO  stepDefinitions.BaseDefine - Cost Center: []
2024-04-09 12:20:47.640 [main] INFO  stepDefinitions.BaseDefine - Customer ID: 2
2024-04-09 12:20:47.640 [main] INFO  stepDefinitions.BaseDefine - Name: 1 800 Flowers.com Inc(FLWS)
2024-04-09 12:20:47.640 [main] INFO  stepDefinitions.BaseDefine - Description: 1 800 Flowers.com Inc(FLWS) Description
2024-04-09 12:20:47.640 [main] INFO  stepDefinitions.BaseDefine - Is Deleted: 0
2024-04-09 12:20:47.640 [main] INFO  stepDefinitions.BaseDefine - Cost Center: []
2024-04-09 12:20:47.640 [main] INFO  stepDefinitions.BaseDefine - Customer ID: 1
2024-04-09 12:20:47.640 [main] INFO  stepDefinitions.BaseDefine - Name: 01 Communique Laboratory Inc(OCQLF)
2024-04-09 12:20:47.640 [main] INFO  stepDefinitions.BaseDefine - Description: 01 Communique Laboratory Inc(OCQLF) Description
2024-04-09 12:20:47.640 [main] INFO  stepDefinitions.BaseDefine - Is Deleted: 0
2024-04-09 12:20:47.640 [main] INFO  stepDefinitions.BaseDefine - Cost Center: []
