2024-03-29 18:40:00.518 [main] INFO  stepDefinitions.BaseDefine - Opened OrangeHRM home page
2024-03-29 18:40:00.520 [main] INFO  stepDefinitions.BaseDefine - Taking screenshot for scenario: Verify Post functionality
2024-03-29 18:40:00.580 [main] INFO  stepDefinitions.BaseDefine - Screenshot taken for passed scenario: Verify Post functionality
2024-03-29 18:40:01.239 [main] INFO  stepDefinitions.BaseDefine - Entered username and password from config file
2024-03-29 18:40:01.240 [main] INFO  stepDefinitions.BaseDefine - Taking screenshot for scenario: Verify Post functionality
2024-03-29 18:40:01.302 [main] INFO  stepDefinitions.BaseDefine - Screenshot taken for passed scenario: Verify Post functionality
2024-03-29 18:40:02.394 [main] INFO  stepDefinitions.BaseDefine - Clicked on the login button
2024-03-29 18:40:02.394 [main] INFO  stepDefinitions.BaseDefine - Taking screenshot for scenario: Verify Post functionality
2024-03-29 18:40:02.426 [main] INFO  stepDefinitions.BaseDefine - Screenshot taken for passed scenario: Verify Post functionality
2024-03-29 18:40:02.992 [main] INFO  stepDefinitions.BaseDefine - Dashboard tab is displayed
2024-03-29 18:40:02.992 [main] INFO  stepDefinitions.BaseDefine - Taking screenshot for scenario: Verify Post functionality
2024-03-29 18:40:03.102 [main] INFO  stepDefinitions.BaseDefine - Screenshot taken for passed scenario: Verify Post functionality
2024-03-29 18:40:03.699 [main] INFO  stepDefinitions.BaseDefine - Buzz tab is displayed
2024-03-29 18:40:03.699 [main] INFO  stepDefinitions.BaseDefine - Taking screenshot for scenario: Verify Post functionality
2024-03-29 18:40:03.730 [main] INFO  stepDefinitions.BaseDefine - Screenshot taken for passed scenario: Verify Post functionality
2024-03-29 18:40:04.484 [main] INFO  stepDefinitions.BaseDefine - Random post text added: Porro delectus minima voluptatem nostrum natus dicta fuga.
2024-03-29 18:40:04.484 [main] INFO  stepDefinitions.BaseDefine - Taking screenshot for scenario: Verify Post functionality
2024-03-29 18:40:04.625 [main] INFO  stepDefinitions.BaseDefine - Screenshot taken for passed scenario: Verify Post functionality
2024-03-29 18:40:04.893 [main] INFO  stepDefinitions.BaseDefine - Post button clicked
2024-03-29 18:40:04.893 [main] INFO  stepDefinitions.BaseDefine - Taking screenshot for scenario: Verify Post functionality
2024-03-29 18:40:04.971 [main] INFO  stepDefinitions.BaseDefine - Screenshot taken for passed scenario: Verify Post functionality
2024-03-29 18:40:05.508 [main] INFO  stepDefinitions.BaseDefine - New Post is present on the page
2024-03-29 18:40:05.508 [main] INFO  stepDefinitions.BaseDefine - Taking screenshot for scenario: Verify Post functionality
2024-03-29 18:40:05.586 [main] INFO  stepDefinitions.BaseDefine - Screenshot taken for passed scenario: Verify Post functionality
