2024-03-29 18:40:53.061 [main] INFO  stepDefinitions.BaseDefine - Opened OrangeHRM home page
2024-03-29 18:40:53.064 [main] INFO  stepDefinitions.BaseDefine - Taking screenshot for scenario: Verify Post functionality
2024-03-29 18:40:53.166 [main] INFO  stepDefinitions.BaseDefine - Screenshot taken for passed scenario: Verify Post functionality
2024-03-29 18:40:53.883 [main] INFO  stepDefinitions.BaseDefine - Entered username and password from config file
2024-03-29 18:40:53.884 [main] INFO  stepDefinitions.BaseDefine - Taking screenshot for scenario: Verify Post functionality
2024-03-29 18:40:53.963 [main] INFO  stepDefinitions.BaseDefine - Screenshot taken for passed scenario: Verify Post functionality
2024-03-29 18:40:54.994 [main] INFO  stepDefinitions.BaseDefine - Clicked on the login button
2024-03-29 18:40:54.995 [main] INFO  stepDefinitions.BaseDefine - Taking screenshot for scenario: Verify Post functionality
2024-03-29 18:40:55.035 [main] INFO  stepDefinitions.BaseDefine - Screenshot taken for passed scenario: Verify Post functionality
2024-03-29 18:40:55.594 [main] INFO  stepDefinitions.BaseDefine - Dashboard tab is displayed
2024-03-29 18:40:55.594 [main] INFO  stepDefinitions.BaseDefine - Taking screenshot for scenario: Verify Post functionality
2024-03-29 18:40:55.697 [main] INFO  stepDefinitions.BaseDefine - Screenshot taken for passed scenario: Verify Post functionality
2024-03-29 18:40:56.385 [main] INFO  stepDefinitions.BaseDefine - Buzz tab is displayed
2024-03-29 18:40:56.385 [main] INFO  stepDefinitions.BaseDefine - Taking screenshot for scenario: Verify Post functionality
2024-03-29 18:40:56.421 [main] INFO  stepDefinitions.BaseDefine - Screenshot taken for passed scenario: Verify Post functionality
2024-03-29 18:40:57.154 [main] INFO  stepDefinitions.BaseDefine - Random post text added: Molestias delectus sit architecto vitae occaecati omnis quam.
2024-03-29 18:40:57.156 [main] INFO  stepDefinitions.BaseDefine - Taking screenshot for scenario: Verify Post functionality
2024-03-29 18:40:57.304 [main] INFO  stepDefinitions.BaseDefine - Screenshot taken for passed scenario: Verify Post functionality
2024-03-29 18:40:57.571 [main] INFO  stepDefinitions.BaseDefine - Post button clicked
2024-03-29 18:40:57.571 [main] INFO  stepDefinitions.BaseDefine - Taking screenshot for scenario: Verify Post functionality
2024-03-29 18:40:57.664 [main] INFO  stepDefinitions.BaseDefine - Screenshot taken for passed scenario: Verify Post functionality
2024-03-29 18:40:58.196 [main] INFO  stepDefinitions.BaseDefine - New Post is present on the page
2024-03-29 18:40:58.197 [main] INFO  stepDefinitions.BaseDefine - Taking screenshot for scenario: Verify Post functionality
2024-03-29 18:40:58.293 [main] INFO  stepDefinitions.BaseDefine - Screenshot taken for passed scenario: Verify Post functionality
