2024-06-04 17:47:11.208 [main] INFO  utils.PropertiesUtil - Properties file 'config.properties' loaded successfully.
2024-06-04 17:47:11.224 [main] INFO  utils.PropertiesUtil - Property key 'baseUrl' retrieved with value 'https://opensource-demo.orangehrmlive.com/web/index.php/auth/login'.
2024-06-04 17:47:11.224 [main] INFO  utils.PropertiesUtil - Property key 'browser.type' retrieved with value 'CHROME'.
2024-06-04 17:47:11.224 [main] INFO  utils.PropertiesUtil - Property key 'browser.headless' retrieved with value 'false'.
2024-06-04 17:47:11.224 [main] INFO  utils.DriverManager - Starting Chrome browser
2024-06-04 17:47:15.744 [main] INFO  utils.PropertiesUtil - Property key 'timeout.seconds' retrieved with value '30'.
2024-06-04 17:47:15.746 [main] INFO  utils.PropertiesUtil - Property key 'username' retrieved with value 'Admin'.
2024-06-04 17:47:15.746 [main] INFO  utils.PropertiesUtil - Property key 'password' retrieved with value 'admin123'.
2024-06-04 17:47:16.562 [main] INFO  utils.BrowserActions - Entering text 'Admin' into element '[[ChromeDriver: chrome on windows (532d4f5bca695b0530162e89fa800696)] -> name: username]' with field name 'Username'
2024-06-04 17:47:16.793 [main] INFO  utils.BrowserActions - Entering text 'admin123' into element '[[ChromeDriver: chrome on windows (532d4f5bca695b0530162e89fa800696)] -> name: password]' with field name 'Password'
2024-06-04 17:47:16.998 [main] INFO  utils.PropertiesUtil - Property key 'timeout.seconds' retrieved with value '30'.
2024-06-04 17:47:19.425 [main] INFO  utils.BrowserActions - Attempt 1: Waiting for element to be clickable
2024-06-04 17:47:19.591 [main] INFO  utils.BrowserActions - Attempt 1: Clearing the field
2024-06-04 17:47:19.760 [main] INFO  utils.BrowserActions - Attempt 1: Sending keys to the field
2024-06-04 17:47:50.482 [main] ERROR utils.BrowserActions - Attempt 1: Exception occurred while populating the field. Retrying...
org.openqa.selenium.TimeoutException: Expected condition failed: waiting for text ('Repellat ipsum placeat quo omnis.') to be the value of element [[ChromeDriver: chrome on windows (532d4f5bca695b0530162e89fa800696)] -> xpath: //textarea[@placeholder="What's on your mind?"]] (tried for 30 second(s) with 500 milliseconds interval)
Build info: version: '4.18.1', revision: 'b1d3319b48'
System info: os.name: 'Windows 11', os.arch: 'amd64', os.version: '10.0', java.version: '21.0.1'
Driver info: org.openqa.selenium.chrome.ChromeDriver
Capabilities {acceptInsecureCerts: false, browserName: chrome, browserVersion: 125.0.6422.142, chrome: {chromedriverVersion: 125.0.6422.141 (4b1e8393712..., userDataDir: C:\Users\ICALUG~1\AppData\L...}, fedcm:accounts: true, goog:chromeOptions: {debuggerAddress: localhost:64889}, networkConnectionEnabled: false, pageLoadStrategy: normal, platformName: windows, proxy: Proxy(), se:cdp: ws://localhost:64889/devtoo..., se:cdpVersion: 125.0.6422.142, setWindowRect: true, strictFileInteractability: false, timeouts: {implicit: 0, pageLoad: 300000, script: 30000}, unhandledPromptBehavior: dismiss and notify, webauthn:extension:credBlob: true, webauthn:extension:largeBlob: true, webauthn:extension:minPinLength: true, webauthn:extension:prf: true, webauthn:virtualAuthenticators: true}
Session ID: 532d4f5bca695b0530162e89fa800696
	at org.openqa.selenium.support.ui.WebDriverWait.timeoutException(WebDriverWait.java:84)
	at org.openqa.selenium.support.ui.FluentWait.until(FluentWait.java:228)
	at utils.BrowserActions.inputTextWithRetry(BrowserActions.java:50)
	at pages.BuzzPage.populateWhatsOnYourMindField(BuzzPage.java:35)
	at stepDefinitions.BuzzPageSteps.whatSOnYourMindFieldIsPopulatedWithRandomText(BuzzPageSteps.java:27)
	at java.base/jdk.internal.reflect.DirectMethodHandleAccessor.invoke(DirectMethodHandleAccessor.java:103)
	at java.base/java.lang.reflect.Method.invoke(Method.java:580)
	at io.cucumber.java.Invoker.doInvoke(Invoker.java:66)
	at io.cucumber.java.Invoker.invoke(Invoker.java:24)
	at io.cucumber.java.AbstractGlueDefinition.invokeMethod(AbstractGlueDefinition.java:47)
	at io.cucumber.java.JavaStepDefinition.execute(JavaStepDefinition.java:29)
	at io.cucumber.core.runner.CoreStepDefinition.execute(CoreStepDefinition.java:66)
	at io.cucumber.core.runner.PickleStepDefinitionMatch.runStep(PickleStepDefinitionMatch.java:63)
	at io.cucumber.core.runner.ExecutionMode$1.execute(ExecutionMode.java:10)
	at io.cucumber.core.runner.TestStep.executeStep(TestStep.java:84)
	at io.cucumber.core.runner.TestStep.run(TestStep.java:56)
	at io.cucumber.core.runner.PickleStepTestStep.run(PickleStepTestStep.java:51)
	at io.cucumber.core.runner.TestCase.run(TestCase.java:84)
	at io.cucumber.core.runner.Runner.runPickle(Runner.java:75)
	at io.cucumber.core.runtime.Runtime.lambda$executePickle$6(Runtime.java:107)
	at io.cucumber.core.runtime.CucumberExecutionContext.lambda$runTestCase$5(CucumberExecutionContext.java:137)
	at io.cucumber.core.runtime.RethrowingThrowableCollector.executeAndThrow(RethrowingThrowableCollector.java:23)
	at io.cucumber.core.runtime.CucumberExecutionContext.runTestCase(CucumberExecutionContext.java:137)
	at io.cucumber.core.runtime.Runtime.lambda$executePickle$7(Runtime.java:107)
	at java.base/java.util.concurrent.Executors$RunnableAdapter.call(Executors.java:572)
	at java.base/java.util.concurrent.FutureTask.run(FutureTask.java:317)
	at io.cucumber.core.runtime.Runtime$SameThreadExecutorService.execute(Runtime.java:235)
	at java.base/java.util.concurrent.AbstractExecutorService.submit(AbstractExecutorService.java:123)
	at io.cucumber.core.runtime.Runtime.lambda$runFeatures$3(Runtime.java:89)
	at java.base/java.util.stream.ReferencePipeline$3$1.accept(ReferencePipeline.java:197)
	at java.base/java.util.stream.SliceOps$1$1.accept(SliceOps.java:200)
	at java.base/java.util.ArrayList$ArrayListSpliterator.tryAdvance(ArrayList.java:1685)
	at java.base/java.util.stream.ReferencePipeline.forEachWithCancel(ReferencePipeline.java:129)
	at java.base/java.util.stream.AbstractPipeline.copyIntoWithCancel(AbstractPipeline.java:527)
	at java.base/java.util.stream.AbstractPipeline.copyInto(AbstractPipeline.java:513)
	at java.base/java.util.stream.AbstractPipeline.wrapAndCopyInto(AbstractPipeline.java:499)
	at java.base/java.util.stream.ReduceOps$ReduceOp.evaluateSequential(ReduceOps.java:921)
	at java.base/java.util.stream.AbstractPipeline.evaluate(AbstractPipeline.java:234)
	at java.base/java.util.stream.ReferencePipeline.collect(ReferencePipeline.java:682)
	at io.cucumber.core.runtime.Runtime.runFeatures(Runtime.java:90)
	at io.cucumber.core.runtime.Runtime.lambda$run$0(Runtime.java:78)
	at io.cucumber.core.runtime.CucumberExecutionContext.lambda$runFeatures$6(CucumberExecutionContext.java:148)
	at io.cucumber.core.runtime.CucumberExecutionContext.execute(CucumberExecutionContext.java:163)
	at io.cucumber.core.runtime.CucumberExecutionContext.runFeatures(CucumberExecutionContext.java:146)
	at io.cucumber.core.runtime.Runtime.run(Runtime.java:78)
	at io.cucumber.core.cli.Main.run(Main.java:87)
	at io.cucumber.core.cli.Main.main(Main.java:30)
2024-06-04 17:47:50.482 [main] INFO  utils.BrowserActions - Attempt 2: Waiting for element to be clickable
2024-06-04 17:47:50.529 [main] INFO  utils.BrowserActions - Attempt 2: Clearing the field
2024-06-04 17:47:50.608 [main] INFO  utils.BrowserActions - Attempt 2: Sending keys to the field
2024-06-04 17:47:50.751 [main] INFO  utils.BrowserActions - Attempt 2: Successfully populated the field with text
